Running    */1 * * * * move_articles.php
  Last run:       Thu, 01 Jan 1970 01:00:00 +0100
  Last scheduled: Fri, 07 Oct 2016 18:15:00 +0200
Completed   */1 * * * * move_articles.php
Running    */5 * * * * send_reminder.php
  Last run:       Thu, 01 Jan 1970 01:00:00 +0100
  Last scheduled: Fri, 07 Oct 2016 18:15:00 +0200
Completed   */5 * * * * send_reminder.php
Running    0 0 1 * * move_old_stats.php
  Last run:       Thu, 01 Jan 1970 01:00:00 +0100
  Last scheduled: Sat, 01 Oct 2016 00:00:00 +0200
Completed   0 0 1 * * move_old_stats.php
Running    */5 * * * * session_cleanup.php
  Last run:       Thu, 01 Jan 1970 01:00:00 +0100
  Last scheduled: Fri, 07 Oct 2016 18:15:00 +0200
Completed   */5 * * * * session_cleanup.php
Running    0 0 * * * optimize_database.php
  Last run:       Thu, 01 Jan 1970 01:00:00 +0100
  Last scheduled: Fri, 07 Oct 2016 00:00:00 +0200
Completed   0 0 * * * optimize_database.php
Running    */5 * * * * setfrontenduserstate.php
  Last run:       Thu, 01 Jan 1970 01:00:00 +0100
  Last scheduled: Fri, 07 Oct 2016 18:15:00 +0200
Completed   */5 * * * * setfrontenduserstate.php
Running    */1 * * * * move_articles.php
  Last run:       Fri, 07 Oct 2016 18:15:00 +0200
  Last scheduled: Fri, 07 Oct 2016 18:27:00 +0200
Completed   */1 * * * * move_articles.php
Running    */5 * * * * send_reminder.php
  Last run:       Fri, 07 Oct 2016 18:15:00 +0200
  Last scheduled: Fri, 07 Oct 2016 18:25:00 +0200
Completed   */5 * * * * send_reminder.php
Running    */5 * * * * session_cleanup.php
  Last run:       Fri, 07 Oct 2016 18:15:00 +0200
  Last scheduled: Fri, 07 Oct 2016 18:25:00 +0200
Completed   */5 * * * * session_cleanup.php
Running    */5 * * * * setfrontenduserstate.php
  Last run:       Fri, 07 Oct 2016 18:15:00 +0200
  Last scheduled: Fri, 07 Oct 2016 18:25:00 +0200
Completed   */5 * * * * setfrontenduserstate.php
